

==============================
project /Users/baptiste/Documents/SE_S9/SureteFonctionnement/Projet_SC_Code_Increment_1_v0.3/Ascenseur.rdp
27/09/22 at 16:40 : Simulation started
27/09/22 at 16:42 : tc_0_Ap_2_noAr_1 started
27/09/22 at 16:42 : module 'Projet_SC_Scenarios_tests_sdf_detections_Increment_1_v0_3' testcase 'tc_0_Ap_2_noAr_1' verdict 'fail'
27/09/22 at 16:42 : tc_0_Ap_2_noAr_1 started
27/09/22 at 16:42 : tc_0_Vo_2_noAr_1 started
27/09/22 at 16:43 : module 'Projet_SC_Scenarios_tests_sdf_detections_Increment_1_v0_3' testcase 'tc_0_Vo_2_noAr_1' verdict 'fail'
27/09/22 at 16:43 : simulation stopped
27/09/22 at 16:43 : simulation ended


==============================
project /Users/baptiste/Documents/SE_S9/SureteFonctionnement/Projet_SC_Code_Increment_1_v0.3/Ascenseur.rdp
27/09/22 at 16:45 : Simulation started
27/09/22 at 16:46 : simulation ended


==============================
project /Users/baptiste/Documents/SE_S9/SureteFonctionnement/Projet_SC_Code_Increment_1_v0.3/Ascenseur.rdp
27/09/22 at 17:11 : Simulation started
27/09/22 at 17:12 : tc_0_Ap_2_noAr_1 started
27/09/22 at 17:12 : module 'Projet_SC_Scenarios_tests_sdf_detections_Increment_1_v0_3' testcase 'tc_0_Ap_2_noAr_1' verdict 'fail'
27/09/22 at 17:12 : tc_0_Vo_2_noAr_1 started
27/09/22 at 17:12 : module 'Projet_SC_Scenarios_tests_sdf_detections_Increment_1_v0_3' testcase 'tc_0_Vo_2_noAr_1' verdict 'fail'
27/09/22 at 17:15 : tc_0_Ap_2_noAr_1 started
27/09/22 at 17:15 : module 'Projet_SC_Scenarios_tests_sdf_detections_Increment_1_v0_3' testcase 'tc_0_Ap_2_noAr_1' verdict 'fail'
27/09/22 at 17:16 : simulation stopped
27/09/22 at 17:16 : simulation stopped
27/09/22 at 17:16 : simulation stopped
27/09/22 at 17:16 : simulation ended


==============================
project /Users/baptiste/Documents/SE_S9/SureteFonctionnement/Projet_SC_Code_Increment_1_v0.3/Ascenseur.rdp
27/09/22 at 17:18 : Simulation started
27/09/22 at 17:19 : tc_0_Ap_2_noAr_1 started
27/09/22 at 17:19 : module 'Projet_SC_Scenarios_tests_sdf_detections_Increment_1_v0_3' testcase 'tc_0_Ap_2_noAr_1' verdict 'fail'
27/09/22 at 17:27 : simulation ended


==============================
project /Users/baptiste/Documents/SE_S9/SureteFonctionnement/Projet_SC_Code_Increment_1_v0.3/Ascenseur.rdp
27/09/22 at 17:27 : Simulation started
27/09/22 at 17:27 : tc_0_Ap_2_noAr_1 started
27/09/22 at 17:28 : module 'Projet_SC_Scenarios_tests_sdf_detections_Increment_1_v0_3' testcase 'tc_0_Ap_2_noAr_1' verdict 'fail'
27/09/22 at 17:28 : simulation stopped
27/09/22 at 17:28 : simulation ended


==============================
project /Users/baptiste/Documents/SE_S9/SureteFonctionnement/Projet_SC_Code_Increment_1_v0.3/Ascenseur.rdp
27/09/22 at 17:29 : Simulation started
27/09/22 at 17:29 : tc_0_Ap_2_noAr_1 started
27/09/22 at 17:29 : module 'Projet_SC_Scenarios_tests_sdf_detections_Increment_1_v0_3' testcase 'tc_0_Ap_2_noAr_1' verdict 'fail'
27/09/22 at 17:30 : simulation stopped
27/09/22 at 17:30 : simulation stopped
27/09/22 at 17:30 : simulation ended


==============================
project /Users/baptiste/Documents/SE_S9/SureteFonctionnement/Projet_SC_Code_Increment_1_v0.3/Ascenseur.rdp
27/09/22 at 17:31 : Simulation started
27/09/22 at 17:32 : tc_0_Ap_2_noAr_1 started
27/09/22 at 17:32 : module 'Projet_SC_Scenarios_tests_sdf_detections_Increment_1_v0_3' testcase 'tc_0_Ap_2_noAr_1' verdict 'pass'
28/09/22 at 08:06 : simulation ended


==============================
project /Users/baptiste/Documents/SE_S9/SureteFonctionnement/Projet_SC_Code_Increment_1_v0.3/Ascenseur.rdp
04/10/22 at 08:08 : Simulation started
04/10/22 at 08:08 : simulation stopped
04/10/22 at 08:08 : simulation stopped
04/10/22 at 08:08 : simulation stopped
04/10/22 at 08:08 : simulation stopped
04/10/22 at 08:08 : simulation ended


==============================
project /Users/baptiste/Documents/SE_S9/SureteFonctionnement/Projet_SC_Code_Increment_1_v0.3/Ascenseur.rdp
04/10/22 at 09:56 : Simulation started
04/10/22 at 09:56 : tc_0_Vo_2_noAr_1 started
04/10/22 at 09:56 : tc_0_Vo_2_noAr_1 started
04/10/22 at 09:56 : simulation ended


==============================
project /Users/baptiste/Documents/SE_S9/SureteFonctionnement/Projet_SC_Code_Increment_1_v0.3/Ascenseur.rdp
04/10/22 at 09:57 : Simulation started
04/10/22 at 09:57 : tc_0_Vo_2_noAr_1 started
04/10/22 at 09:57 : module 'Projet_SC_Scenarios_tests_sdf_detections_Increment_1_v0_3' testcase 'tc_0_Vo_2_noAr_1' verdict 'pass'
04/10/22 at 09:59 : simulation ended


==============================
project /Users/baptiste/Documents/SE_S9/SureteFonctionnement/Projet_SC_Code_Increment_1_v0.3/Ascenseur.rdp
04/10/22 at 10:09 : Simulation started
04/10/22 at 10:09 : tc_0_Vo_2_noAr_1 started
04/10/22 at 10:10 : module 'Projet_SC_Scenarios_tests_sdf_detections_Increment_1_v0_3' testcase 'tc_0_Vo_2_noAr_1' verdict 'pass'
04/10/22 at 10:13 : simulation stopped
04/10/22 at 10:13 : simulation stopped
04/10/22 at 10:13 : simulation ended


==============================
project /Users/baptiste/Documents/SE_S9/SureteFonctionnement/Projet_SC_Code_Increment_1_v0.3/Ascenseur.rdp
04/10/22 at 10:13 : Simulation started
04/10/22 at 10:13 : tc_0_Vo_2_noAr_1 started
04/10/22 at 10:14 : module 'Projet_SC_Scenarios_tests_sdf_detections_Increment_1_v0_3' testcase 'tc_0_Vo_2_noAr_1' verdict 'pass'
04/10/22 at 10:16 : simulation stopped
04/10/22 at 10:16 : simulation ended


==============================
project /Users/baptiste/Documents/SE_S9/SureteFonctionnement/Projet_SC_Code_Increment_1_v0.3/Ascenseur.rdp
04/10/22 at 10:16 : Simulation started
04/10/22 at 10:16 : tc_0_Vo_2_noAr_1 started
04/10/22 at 10:16 : module 'Projet_SC_Scenarios_tests_sdf_detections_Increment_1_v0_3' testcase 'tc_0_Vo_2_noAr_1' verdict 'pass'
04/10/22 at 10:16 : tc_0_Ap_2_Ar_6 started
04/10/22 at 10:17 : module 'Projet_SC_Scenarios_tests_sdf_detections_Increment_1_v0_3' testcase 'tc_0_Ap_2_Ar_6' verdict 'fail'
04/10/22 at 10:17 : simulation stopped
04/10/22 at 10:17 : simulation ended


==============================
project /Users/baptiste/Documents/SE_S9/SureteFonctionnement/Projet_SC_Code_Increment_1_v0.3/Ascenseur.rdp
04/10/22 at 10:23 : Simulation started
04/10/22 at 10:24 : tc_0_Ap_2_Ar_6 started
04/10/22 at 10:25 : simulation stopped
04/10/22 at 10:26 : simulation ended


==============================
project /Users/baptiste/Documents/SE_S9/SureteFonctionnement/Projet_SC_Code_Increment_1_v0.3/Ascenseur.rdp
04/10/22 at 10:26 : Simulation started
04/10/22 at 10:26 : tc_0_Ap_2_Ar_6 started
04/10/22 at 10:26 : simulation ended


==============================
project /Users/baptiste/Documents/SE_S9/SureteFonctionnement/Projet_SC_Code_Increment_1_v0.3/Ascenseur.rdp
04/10/22 at 10:28 : Simulation started
04/10/22 at 10:28 : tc_0_Ap_2_Ar_6 started
04/10/22 at 10:28 : module 'Projet_SC_Scenarios_tests_sdf_detections_Increment_1_v0_3' testcase 'tc_0_Ap_2_Ar_6' verdict 'pass'
04/10/22 at 10:28 : simulation stopped
04/10/22 at 10:28 : simulation ended


==============================
project /Users/baptiste/Documents/SE_S9/SureteFonctionnement/Projet_SC_Code_Increment_1_v0.3/Ascenseur.rdp
04/10/22 at 10:42 : Simulation started
04/10/22 at 10:42 : tc_0_Ap_2_Ar_3 started
04/10/22 at 10:43 : module 'Projet_SC_Scenarios_tests_sdf_detections_Increment_1_v0_3' testcase 'tc_0_Ap_2_Ar_3' verdict 'fail'
04/10/22 at 10:43 : simulation ended


==============================
project /Users/baptiste/Documents/SE_S9/SureteFonctionnement/Projet_SC_Code_Increment_1_v0.3/Ascenseur.rdp
04/10/22 at 11:14 : Simulation started
04/10/22 at 11:14 : tc_0_Ap_2_Ar_6 started
04/10/22 at 11:16 : simulation ended


==============================
project /Users/baptiste/Documents/SE_S9/SureteFonctionnement/Projet_SC_Code_Increment_1_v0.3/Ascenseur.rdp
04/10/22 at 11:16 : Simulation started
04/10/22 at 11:16 : tc_0_Ap_2_Ar_3 started
04/10/22 at 11:17 : module 'Projet_SC_Scenarios_tests_sdf_detections_Increment_1_v0_3' testcase 'tc_0_Ap_2_Ar_3' verdict 'fail'
04/10/22 at 11:17 : tc_0_Ap_2_Ar_6 started
04/10/22 at 11:17 : module 'Projet_SC_Scenarios_tests_sdf_detections_Increment_1_v0_3' testcase 'tc_0_Ap_2_Ar_6' verdict 'pass'
04/10/22 at 11:19 : simulation ended


==============================
project /Users/baptiste/Documents/SE_S9/SureteFonctionnement/Projet_SC_Code_Increment_1_v0.3/Ascenseur.rdp
04/10/22 at 11:20 : Simulation started
04/10/22 at 11:20 : tc_0_Ap_2_Ar_3 started
04/10/22 at 11:20 : module 'Projet_SC_Scenarios_tests_sdf_detections_Increment_1_v0_3' testcase 'tc_0_Ap_2_Ar_3' verdict 'pass'
04/10/22 at 11:20 : tc_0_Ap_2_Ar_6 started
04/10/22 at 11:20 : module 'Projet_SC_Scenarios_tests_sdf_detections_Increment_1_v0_3' testcase 'tc_0_Ap_2_Ar_6' verdict 'pass'
04/10/22 at 11:22 : simulation stopped
04/10/22 at 11:22 : simulation ended


==============================
project /Users/baptiste/Documents/SE_S9/SureteFonctionnement/Projet_SC_Code_Increment_1_v0.3/Ascenseur.rdp
04/10/22 at 11:23 : Simulation started
04/10/22 at 11:23 : tc_0_Ap_2_Ar_3 started
04/10/22 at 11:23 : module 'Projet_SC_Scenarios_tests_sdf_detections_Increment_1_v0_3' testcase 'tc_0_Ap_2_Ar_3' verdict 'pass'
04/10/22 at 11:23 : tc_0_Ap_2_Ar_6 started
04/10/22 at 11:23 : module 'Projet_SC_Scenarios_tests_sdf_detections_Increment_1_v0_3' testcase 'tc_0_Ap_2_Ar_6' verdict 'pass'
04/10/22 at 11:23 : tc_0_Ap_2_noAr_1 started
04/10/22 at 11:24 : module 'Projet_SC_Scenarios_tests_sdf_detections_Increment_1_v0_3' testcase 'tc_0_Ap_2_noAr_1' verdict 'pass'
04/10/22 at 11:24 : tc_0_Vo_2_noAr_1 started
04/10/22 at 11:24 : module 'Projet_SC_Scenarios_tests_sdf_detections_Increment_1_v0_3' testcase 'tc_0_Vo_2_noAr_1' verdict 'pass'
04/10/22 at 11:25 : simulation ended


==============================
project /Users/baptiste/Documents/SE_S9/SureteFonctionnement/Projet_SC_Code_Increment_1_v0.3/Ascenseur.rdp
04/10/22 at 11:26 : Simulation started
04/10/22 at 11:27 : tc_0_Ap_2_Ar_6 started
04/10/22 at 11:27 : module 'Projet_SC_Scenarios_tests_sdf_detections_Increment_1_v0_3' testcase 'tc_0_Ap_2_Ar_6' verdict 'pass'
04/10/22 at 11:27 : simulation stopped
04/10/22 at 11:27 : simulation ended


==============================
project /Users/baptiste/Documents/SE_S9/SureteFonctionnement/Projet_SC_Code_Increment_1_v0.3/Ascenseur.rdp
04/10/22 at 11:47 : Simulation started
04/10/22 at 11:48 : simulation ended


==============================
project /Users/baptiste/Documents/SE_S9/SureteFonctionnement/Projet_SC_Code_Increment_1_v0.3/Ascenseur.rdp
04/10/22 at 11:48 : Simulation started
04/10/22 at 11:48 : simulation stopped
04/10/22 at 11:48 : simulation stopped
04/10/22 at 11:48 : simulation stopped
04/10/22 at 11:48 : simulation stopped
04/10/22 at 11:48 : simulation ended


==============================
project /Users/baptiste/Documents/SE_S9/SureteFonctionnement/Projet_SC_Code_Increment_1_v0.3/Ascenseur.rdp
04/10/22 at 11:50 : Simulation started
04/10/22 at 11:50 : tc_0_Ap_2_ArIntemp_3 started
04/10/22 at 11:50 : module 'Projet_SC_Scenarios_tests_sdf_detections_Increment_1_v0_3' testcase 'tc_0_Ap_2_ArIntemp_3' verdict 'pass'
04/10/22 at 13:45 : simulation stopped
04/10/22 at 13:45 : simulation stopped
04/10/22 at 13:45 : simulation ended


==============================
project /Users/baptiste/Documents/SE_S9/SureteFonctionnement/Projet_SC_Code_Increment_1_v0.3/Ascenseur.rdp
04/10/22 at 13:47 : Simulation started
04/10/22 at 13:47 : tc_0_Ap_2_ArIntemp_3 started
04/10/22 at 13:48 : module 'Projet_SC_Scenarios_tests_sdf_detections_Increment_1_v0_3' testcase 'tc_0_Ap_2_ArIntemp_3' verdict 'pass'
04/10/22 at 13:48 : simulation ended


==============================
project /Users/baptiste/Documents/SE_S9/SureteFonctionnement/Projet_SC_Code_Increment_1_v0.3/Ascenseur.rdp
04/10/22 at 13:49 : Simulation started
04/10/22 at 13:49 : tc_0_Ap_2_ArIntemp_3 started
04/10/22 at 13:50 : module 'Projet_SC_Scenarios_tests_sdf_detections_Increment_1_v0_3' testcase 'tc_0_Ap_2_ArIntemp_3' verdict 'pass'
04/10/22 at 13:50 : simulation ended


==============================
project /Users/baptiste/Documents/SE_S9/SureteFonctionnement/Projet_SC_Code_Increment_1_v0.3/Ascenseur.rdp
04/10/22 at 13:53 : Simulation started
04/10/22 at 13:53 : tc_0_Ap_2_ArIntemp_3 started
04/10/22 at 13:53 : module 'Projet_SC_Scenarios_tests_sdf_detections_Increment_1_v0_3' testcase 'tc_0_Ap_2_ArIntemp_3' verdict 'pass'
04/10/22 at 13:55 : simulation stopped
04/10/22 at 13:55 : simulation ended


==============================
project /Users/baptiste/Documents/SE_S9/SureteFonctionnement/Projet_SC_Code_Increment_1_v0.3/Ascenseur.rdp
04/10/22 at 13:55 : Simulation started
04/10/22 at 13:55 : tc_0_Ap_2_ArIntemp_3 started
04/10/22 at 13:55 : module 'Projet_SC_Scenarios_tests_sdf_detections_Increment_1_v0_3' testcase 'tc_0_Ap_2_ArIntemp_3' verdict 'fail'
04/10/22 at 13:56 : simulation ended


==============================
project /Users/baptiste/Documents/SE_S9/SureteFonctionnement/Projet_SC_Code_Increment_1_v0.3/Ascenseur.rdp
04/10/22 at 15:08 : Simulation started
04/10/22 at 15:08 : tc_0_Ap_2_ArIntemp_3 started
04/10/22 at 15:08 : tc_0_Ap_2_Ar_3 started
04/10/22 at 15:08 : simulation ended


==============================
project /Users/baptiste/Documents/SE_S9/SureteFonctionnement/Projet_SC_Code_Increment_1_v0.3/Ascenseur.rdp
04/10/22 at 15:08 : Simulation started
04/10/22 at 15:08 : tc_0_Ap_2_Ar_3 started
04/10/22 at 15:10 : simulation ended


==============================
project /Users/baptiste/Documents/SE_S9/SureteFonctionnement/Projet_SC_Code_Increment_1_v0.3/Ascenseur.rdp
04/10/22 at 15:10 : Simulation started
04/10/22 at 15:11 : tc_0_Ap_2_ArIntemp_3 started
04/10/22 at 15:11 : module 'Projet_SC_Scenarios_tests_sdf_detections_Increment_1_v0_3' testcase 'tc_0_Ap_2_ArIntemp_3' verdict 'fail'
04/10/22 at 15:11 : tc_0_Ap_2_Ar_3 started
04/10/22 at 15:11 : module 'Projet_SC_Scenarios_tests_sdf_detections_Increment_1_v0_3' testcase 'tc_0_Ap_2_Ar_3' verdict 'fail'
04/10/22 at 15:11 : tc_0_Ap_2_Ar_6 started
04/10/22 at 15:11 : module 'Projet_SC_Scenarios_tests_sdf_detections_Increment_1_v0_3' testcase 'tc_0_Ap_2_Ar_6' verdict 'fail'
04/10/22 at 15:11 : simulation stopped
04/10/22 at 15:11 : simulation ended


==============================
project /Users/baptiste/Documents/SE_S9/SureteFonctionnement/Projet_SC_Code_Increment_1_v0.3/Ascenseur.rdp
04/10/22 at 15:12 : Simulation started
04/10/22 at 15:12 : tc_0_Ap_2_Ar_3 started
04/10/22 at 15:12 : module 'Projet_SC_Scenarios_tests_sdf_detections_Increment_1_v0_3' testcase 'tc_0_Ap_2_Ar_3' verdict 'fail'
04/10/22 at 15:13 : simulation ended


==============================
project /Users/baptiste/Documents/SE_S9/SureteFonctionnement/Projet_SC_Code_Increment_1_v0.3/Ascenseur.rdp
04/10/22 at 15:14 : Simulation started
04/10/22 at 15:14 : tc_0_Ap_2_Ar_3 started
04/10/22 at 15:14 : module 'Projet_SC_Scenarios_tests_sdf_detections_Increment_1_v0_3' testcase 'tc_0_Ap_2_Ar_3' verdict 'fail'
04/10/22 at 15:21 : simulation stopped
04/10/22 at 15:21 : simulation ended


==============================
project /Users/baptiste/Documents/SE_S9/SureteFonctionnement/Projet_SC_Code_Increment_1_v0.3/Ascenseur.rdp
04/10/22 at 15:22 : Simulation started
04/10/22 at 15:22 : tc_0_Ap_2_ArIntemp_3 started
04/10/22 at 15:22 : module 'Projet_SC_Scenarios_tests_sdf_detections_Increment_1_v0_3' testcase 'tc_0_Ap_2_ArIntemp_3' verdict 'fail'
04/10/22 at 15:22 : tc_0_Ap_2_Ar_3 started
04/10/22 at 15:22 : module 'Projet_SC_Scenarios_tests_sdf_detections_Increment_1_v0_3' testcase 'tc_0_Ap_2_Ar_3' verdict 'pass'
04/10/22 at 15:22 : tc_0_Ap_2_Ar_6 started
04/10/22 at 15:22 : module 'Projet_SC_Scenarios_tests_sdf_detections_Increment_1_v0_3' testcase 'tc_0_Ap_2_Ar_6' verdict 'pass'
04/10/22 at 15:22 : tc_0_Ap_2_noAr_1 started
04/10/22 at 15:22 : module 'Projet_SC_Scenarios_tests_sdf_detections_Increment_1_v0_3' testcase 'tc_0_Ap_2_noAr_1' verdict 'pass'
04/10/22 at 15:22 : tc_0_Vo_2_noAr_1 started
04/10/22 at 15:23 : module 'Projet_SC_Scenarios_tests_sdf_detections_Increment_1_v0_3' testcase 'tc_0_Vo_2_noAr_1' verdict 'pass'
04/10/22 at 15:23 : simulation ended


==============================
project /Users/baptiste/Documents/SE_S9/SureteFonctionnement/Projet_SC_Code_Increment_1_v0.3/Ascenseur.rdp
04/10/22 at 15:25 : Simulation started
04/10/22 at 15:25 : tc_0_Ap_2_ArIntemp_3 started
04/10/22 at 15:25 : module 'Projet_SC_Scenarios_tests_sdf_detections_Increment_1_v0_3' testcase 'tc_0_Ap_2_ArIntemp_3' verdict 'fail'
04/10/22 at 15:25 : tc_0_Ap_2_Ar_3 started
04/10/22 at 15:25 : module 'Projet_SC_Scenarios_tests_sdf_detections_Increment_1_v0_3' testcase 'tc_0_Ap_2_Ar_3' verdict 'pass'
04/10/22 at 15:27 : tc_0_Ap_2_ArIntemp_3 started
04/10/22 at 15:27 : module 'Projet_SC_Scenarios_tests_sdf_detections_Increment_1_v0_3' testcase 'tc_0_Ap_2_ArIntemp_3' verdict 'fail'
04/10/22 at 15:53 : simulation ended


==============================
project /Users/baptiste/Documents/SE_S9/SureteFonctionnement/Projet_SC_Code_Increment_1_v0.3/Ascenseur.rdp
04/10/22 at 15:54 : Simulation started
04/10/22 at 15:54 : tc_0_Ap_2_ArIntemp_3 started
04/10/22 at 15:55 : module 'Projet_SC_Scenarios_tests_sdf_detections_Increment_1_v0_3' testcase 'tc_0_Ap_2_ArIntemp_3' verdict 'fail'
04/10/22 at 15:55 : simulation stopped
04/10/22 at 15:55 : simulation ended


==============================
project /Users/baptiste/Documents/SE_S9/SureteFonctionnement/Projet_SC_Code_Increment_1_v0.3/Ascenseur.rdp
04/10/22 at 16:02 : Simulation started
04/10/22 at 16:02 : tc_0_Ap_2_ArIntemp_3 started
04/10/22 at 16:02 : module 'Projet_SC_Scenarios_tests_sdf_detections_Increment_1_v0_3' testcase 'tc_0_Ap_2_ArIntemp_3' verdict 'fail'
04/10/22 at 16:04 : simulation ended


==============================
project /Users/baptiste/Documents/SE_S9/SureteFonctionnement/Projet_SC_Code_Increment_1_v0.3/Ascenseur.rdp
04/10/22 at 16:04 : Simulation started
04/10/22 at 16:04 : tc_0_Ap_2_ArIntemp_3 started
04/10/22 at 16:04 : module 'Projet_SC_Scenarios_tests_sdf_detections_Increment_1_v0_3' testcase 'tc_0_Ap_2_ArIntemp_3' verdict 'pass'
04/10/22 at 16:04 : tc_0_Ap_2_Ar_3 started
04/10/22 at 16:04 : module 'Projet_SC_Scenarios_tests_sdf_detections_Increment_1_v0_3' testcase 'tc_0_Ap_2_Ar_3' verdict 'pass'
04/10/22 at 16:04 : tc_0_Ap_2_Ar_6 started
04/10/22 at 16:04 : module 'Projet_SC_Scenarios_tests_sdf_detections_Increment_1_v0_3' testcase 'tc_0_Ap_2_Ar_6' verdict 'pass'
04/10/22 at 16:04 : tc_0_Ap_2_noAr_1 started
04/10/22 at 16:05 : module 'Projet_SC_Scenarios_tests_sdf_detections_Increment_1_v0_3' testcase 'tc_0_Ap_2_noAr_1' verdict 'pass'
04/10/22 at 16:05 : tc_0_Vo_2_noAr_1 started
04/10/22 at 16:05 : module 'Projet_SC_Scenarios_tests_sdf_detections_Increment_1_v0_3' testcase 'tc_0_Vo_2_noAr_1' verdict 'pass'
04/10/22 at 16:05 : simulation ended


==============================
project /Users/baptiste/Documents/SE_S9/SureteFonctionnement/Projet_SC_Code_Increment_1_v0.3/Ascenseur.rdp
04/10/22 at 16:53 : Simulation started
04/10/22 at 16:53 : simulation ended


==============================
project /Users/baptiste/Documents/SE_S9/SureteFonctionnement/Projet_SC_Code_Increment_1_v0.3/Ascenseur.rdp
04/10/22 at 16:53 : Simulation started
04/10/22 at 16:53 : tc_0_Ap_2_ArIntemp_3 started
04/10/22 at 16:53 : module 'Projet_SC_Scenarios_tests_sdf_detections_Increment_1_v0_3' testcase 'tc_0_Ap_2_ArIntemp_3' verdict 'pass'
04/10/22 at 16:53 : tc_0_Ap_2_Ar_2_Ap_3_Ar_1 started
04/10/22 at 16:54 : module 'Projet_SC_Scenarios_tests_sdf_detections_Increment_1_v0_3' testcase 'tc_0_Ap_2_Ar_2_Ap_3_Ar_1' verdict 'fail'
04/10/22 at 16:54 : tc_0_Ap_2_Ar_3 started
04/10/22 at 16:54 : simulation stopped
04/10/22 at 16:54 : tc_0_Ap_2_Ar_2_Ap_3_Ar_1 started
04/10/22 at 16:54 : module 'Projet_SC_Scenarios_tests_sdf_detections_Increment_1_v0_3' testcase 'tc_0_Ap_2_Ar_2_Ap_3_Ar_1' verdict 'fail'
04/10/22 at 16:56 : simulation ended


==============================
project /Users/baptiste/Documents/SE_S9/SureteFonctionnement/Projet_SC_Code_Increment_1_v0.3/Ascenseur.rdp
04/10/22 at 16:56 : Simulation started
04/10/22 at 16:56 : tc_0_Ap_2_Ar_2_Ap_3_Ar_1 started
04/10/22 at 16:57 : module 'Projet_SC_Scenarios_tests_sdf_detections_Increment_1_v0_3' testcase 'tc_0_Ap_2_Ar_2_Ap_3_Ar_1' verdict 'fail'
04/10/22 at 16:58 : simulation ended


==============================
project /Users/baptiste/Documents/SE_S9/SureteFonctionnement/Projet_SC_Code_Increment_1_v0.3/Ascenseur.rdp
04/10/22 at 16:58 : Simulation started
04/10/22 at 16:58 : tc_0_Ap_2_Ar_2_Ap_3_Ar_1 started
04/10/22 at 16:58 : module 'Projet_SC_Scenarios_tests_sdf_detections_Increment_1_v0_3' testcase 'tc_0_Ap_2_Ar_2_Ap_3_Ar_1' verdict 'fail'
04/10/22 at 17:00 : simulation ended
